[01m[K/home/robo/Desktop/Multi-threading/ros2_ws/src/executors_exercises_pkg/src/single-thread-executor_example_3.cpp:1:10:[m[K [01;31m[Kfatal error: [m[Knav_msgs/msg/odometry.hpp: No such file or directory
    1 | #include [01;31m[K<nav_msgs/msg/odometry.hpp>[m[K
      |          [01;31m[K^~~~~~~~~~~~~~~~~~~~~~~~~~~[m[K
compilation terminated.
gmake[2]: *** [CMakeFiles/single-thread-executor_example_3_node.dir/build.make:76: CMakeFiles/single-thread-executor_example_3_node.dir/src/single-thread-executor_example_3.cpp.o] Error 1
gmake[1]: *** [CMakeFiles/Makefile2:165: CMakeFiles/single-thread-executor_example_3_node.dir/all] Error 2
gmake[1]: *** Waiting for unfinished jobs....
gmake: *** [Makefile:146: all] Error 2
