[0.012s] Invoking command in '/home/robo/Desktop/Multi-threading/build/executors_exercises_pkg': CMAKE_PREFIX_PATH=${CMAKE_PREFIX_PATH}:/opt/ros/humble /home/robo/.local/bin/cmake --build /home/robo/Desktop/Multi-threading/build/executors_exercises_pkg -- -j12 -l12
[0.037s] -- Found ament_cmake: 1.3.5 (/opt/ros/humble/share/ament_cmake/cmake)
[0.168s] -- Found rclcpp: 16.0.5 (/opt/ros/humble/share/rclcpp/cmake)
[0.192s] -- Found rosidl_generator_c: 3.1.5 (/opt/ros/humble/share/rosidl_generator_c/cmake)
[0.194s] -- Found rosidl_adapter: 3.1.5 (/opt/ros/humble/share/rosidl_adapter/cmake)
[0.199s] -- Found rosidl_generator_cpp: 3.1.5 (/opt/ros/humble/share/rosidl_generator_cpp/cmake)
[0.207s] -- Using all available rosidl_typesupport_c: rosidl_typesupport_fastrtps_c;rosidl_typesupport_introspection_c
[0.219s] -- Using all available rosidl_typesupport_cpp: rosidl_typesupport_fastrtps_cpp;rosidl_typesupport_introspection_cpp
[0.262s] -- Found rmw_implementation_cmake: 6.1.1 (/opt/ros/humble/share/rmw_implementation_cmake/cmake)
[0.263s] -- Found rmw_fastrtps_cpp: 6.2.3 (/opt/ros/humble/share/rmw_fastrtps_cpp/cmake)
[0.342s] -- Using RMW implementation 'rmw_fastrtps_cpp' as default
[0.452s] -- Found nav_msgs: 4.2.3 (/opt/ros/humble/share/nav_msgs/cmake)
[0.540s] -- Found ament_lint_auto: 0.12.7 (/opt/ros/humble/share/ament_lint_auto/cmake)
[0.584s] -- Added test 'cppcheck' to perform static code analysis on C / C++ code
[0.584s] -- Configured cppcheck include dirs: 
[0.584s] -- Configured cppcheck exclude dirs and/or files: 
[0.584s] -- Added test 'lint_cmake' to check CMake code style
[0.585s] -- Added test 'uncrustify' to check C / C++ code style
[0.585s] -- Configured uncrustify additional arguments: 
[0.585s] -- Added test 'xmllint' to check XML markup files
[0.585s] -- Configuring done (0.6s)
[0.592s] -- Generating done (0.0s)
[0.593s] -- Build files have been written to: /home/robo/Desktop/Multi-threading/build/executors_exercises_pkg
[0.604s] [ 25%] [32mBuilding CXX object CMakeFiles/single-thread-executor_example_3_node.dir/src/single-thread-executor_example_3.cpp.o[0m
[0.609s] [01m[K/home/robo/Desktop/Multi-threading/ros2_ws/src/executors_exercises_pkg/src/single-thread-executor_example_3.cpp:1:10:[m[K [01;31m[Kfatal error: [m[Knav_msgs/msg/odometry.hpp: No such file or directory
[0.609s]     1 | #include [01;31m[K<nav_msgs/msg/odometry.hpp>[m[K
[0.609s]       |          [01;31m[K^~~~~~~~~~~~~~~~~~~~~~~~~~~[m[K
[0.609s] compilation terminated.
[0.609s] gmake[2]: *** [CMakeFiles/single-thread-executor_example_3_node.dir/build.make:76: CMakeFiles/single-thread-executor_example_3_node.dir/src/single-thread-executor_example_3.cpp.o] Error 1
[0.609s] gmake[1]: *** [CMakeFiles/Makefile2:165: CMakeFiles/single-thread-executor_example_3_node.dir/all] Error 2
[0.609s] gmake[1]: *** Waiting for unfinished jobs....
[0.610s] [ 75%] Built target multi-thread-executor_example_3_node
[0.610s] gmake: *** [Makefile:146: all] Error 2
[0.616s] Invoked command in '/home/robo/Desktop/Multi-threading/build/executors_exercises_pkg' returned '2': CMAKE_PREFIX_PATH=${CMAKE_PREFIX_PATH}:/opt/ros/humble /home/robo/.local/bin/cmake --build /home/robo/Desktop/Multi-threading/build/executors_exercises_pkg -- -j12 -l12
