[0.011s] Invoking command in '/home/robo/Desktop/Multi-threading/ros2_ws/build/executors_exercises_pkg': CMAKE_PREFIX_PATH=${CMAKE_PREFIX_PATH}:/opt/ros/humble /home/robo/.local/bin/cmake --build /home/robo/Desktop/Multi-threading/ros2_ws/build/executors_exercises_pkg -- -j12 -l12
[0.046s] [ 50%] [32mBuilding CXX object CMakeFiles/executor_example_3_node.dir/src/executor_example_3.cpp.o[0m
[1.274s] In file included from [01m[K/opt/ros/humble/include/rclcpp/rclcpp/client.hpp:40[m[K,
[1.274s]                  from [01m[K/opt/ros/humble/include/rclcpp/rclcpp/callback_group.hpp:24[m[K,
[1.275s]                  from [01m[K/opt/ros/humble/include/rclcpp/rclcpp/any_executable.hpp:20[m[K,
[1.275s]                  from [01m[K/opt/ros/humble/include/rclcpp/rclcpp/memory_strategy.hpp:25[m[K,
[1.275s]                  from [01m[K/opt/ros/humble/include/rclcpp/rclcpp/memory_strategies.hpp:18[m[K,
[1.275s]                  from [01m[K/opt/ros/humble/include/rclcpp/rclcpp/executor_options.hpp:20[m[K,
[1.275s]                  from [01m[K/opt/ros/humble/include/rclcpp/rclcpp/executor.hpp:37[m[K,
[1.275s]                  from [01m[K/opt/ros/humble/include/rclcpp/rclcpp/executors/multi_threaded_executor.hpp:25[m[K,
[1.275s]                  from [01m[K/opt/ros/humble/include/rclcpp/rclcpp/executors.hpp:21[m[K,
[1.275s]                  from [01m[K/opt/ros/humble/include/rclcpp/rclcpp/rclcpp.hpp:155[m[K,
[1.275s]                  from [01m[K/home/robo/Desktop/Multi-threading/ros2_ws/src/executors_exercises_pkg/src/executor_example_3.cpp:2[m[K:
[1.275s] [01m[K/home/robo/Desktop/Multi-threading/ros2_ws/src/executors_exercises_pkg/src/executor_example_3.cpp:[m[K In function â€˜[01m[Kint main(int, char**)[m[Kâ€™:
[1.275s] [01m[K/home/robo/Desktop/Multi-threading/ros2_ws/src/executors_exercises_pkg/src/executor_example_3.cpp:82:15:[m[K [01;31m[Kerror: [m[Kâ€˜[01m[Kslow_timer_node[m[Kâ€™ was not declared in this scope
[1.275s]    82 |   RCLCPP_INFO([01;31m[Kslow_timer_node[m[K->get_logger(), "slow_timer_node INFO...");
[1.275s]       |               [01;31m[K^~~~~~~~~~~~~~~[m[K
[1.275s] [01m[K/home/robo/Desktop/Multi-threading/ros2_ws/src/executors_exercises_pkg/src/executor_example_3.cpp:82:3:[m[K [01;31m[Kerror: [m[Ktemplate argument 1 is invalid
[1.275s]    82 |   [01;31m[KRCLCPP_INFO[m[K(slow_timer_node->get_logger(), "slow_timer_node INFO...");
[1.276s]       |   [01;31m[K^~~~~~~~~~~[m[K
[1.277s] [01m[K/home/robo/Desktop/Multi-threading/ros2_ws/src/executors_exercises_pkg/src/executor_example_3.cpp:82:3:[m[K [01;31m[Kerror: [m[Kâ€˜[01m[K<declaration error>[m[Kâ€™ is not a template [[01;31m[K]8;;https://gcc.gnu.org/onlinedocs/gcc/Warning-Options.html#index-fpermissive-fpermissive]8;;[m[K]
[1.277s]    82 |   [01;31m[KRCLCPP_INFO[m[K(slow_timer_node->get_logger(), "slow_timer_node INFO...");
[1.277s]       |   [01;31m[K^~~~~~~~~~~[m[K
[1.277s] [01m[K/home/robo/Desktop/Multi-threading/ros2_ws/src/executors_exercises_pkg/src/executor_example_3.cpp:82:3:[m[K [01;31m[Kerror: [m[Ktemplate argument 1 is invalid
[1.277s]    82 |   [01;31m[KRCLCPP_INFO[m[K(slow_timer_node->get_logger(), "slow_timer_node INFO...");
[1.277s]       |   [01;31m[K^~~~~~~~~~~[m[K
[1.278s] [01m[K/home/robo/Desktop/Multi-threading/ros2_ws/src/executors_exercises_pkg/src/executor_example_3.cpp:82:3:[m[K [01;31m[Kerror: [m[Kâ€˜[01m[K<declaration error>[m[Kâ€™ is not a template [[01;31m[K]8;;https://gcc.gnu.org/onlinedocs/gcc/Warning-Options.html#index-fpermissive-fpermissive]8;;[m[K]
[1.278s]    82 |   [01;31m[KRCLCPP_INFO[m[K(slow_timer_node->get_logger(), "slow_timer_node INFO...");
[1.278s]       |   [01;31m[K^~~~~~~~~~~[m[K
[1.278s] [01m[K/home/robo/Desktop/Multi-threading/ros2_ws/src/executors_exercises_pkg/src/executor_example_3.cpp:82:3:[m[K [01;31m[Kerror: [m[Ktemplate argument 1 is invalid
[1.278s]    82 |   [01;31m[KRCLCPP_INFO[m[K(slow_timer_node->get_logger(), "slow_timer_node INFO...");
[1.278s]       |   [01;31m[K^~~~~~~~~~~[m[K
[1.280s] [01m[K/home/robo/Desktop/Multi-threading/ros2_ws/src/executors_exercises_pkg/src/executor_example_3.cpp:83:15:[m[K [01;31m[Kerror: [m[Kâ€˜[01m[Kfast_timer_node[m[Kâ€™ was not declared in this scope
[1.280s]    83 |   RCLCPP_INFO([01;31m[Kfast_timer_node[m[K->get_logger(), "fast_timer_node INFO...");
[1.280s]       |               [01;31m[K^~~~~~~~~~~~~~~[m[K
[1.280s] [01m[K/home/robo/Desktop/Multi-threading/ros2_ws/src/executors_exercises_pkg/src/executor_example_3.cpp:83:3:[m[K [01;31m[Kerror: [m[Ktemplate argument 1 is invalid
[1.280s]    83 |   [01;31m[KRCLCPP_INFO[m[K(fast_timer_node->get_logger(), "fast_timer_node INFO...");
[1.281s]       |   [01;31m[K^~~~~~~~~~~[m[K
[1.281s] [01m[K/home/robo/Desktop/Multi-threading/ros2_ws/src/executors_exercises_pkg/src/executor_example_3.cpp:83:3:[m[K [01;31m[Kerror: [m[Kâ€˜[01m[K<declaration error>[m[Kâ€™ is not a template [[01;31m[K]8;;https://gcc.gnu.org/onlinedocs/gcc/Warning-Options.html#index-fpermissive-fpermissive]8;;[m[K]
[1.281s]    83 |   [01;31m[KRCLCPP_INFO[m[K(fast_timer_node->get_logger(), "fast_timer_node INFO...");
[1.281s]       |   [01;31m[K^~~~~~~~~~~[m[K
[1.281s] [01m[K/home/robo/Desktop/Multi-threading/ros2_ws/src/executors_exercises_pkg/src/executor_example_3.cpp:83:3:[m[K [01;31m[Kerror: [m[Ktemplate argument 1 is invalid
[1.281s]    83 |   [01;31m[KRCLCPP_INFO[m[K(fast_timer_node->get_logger(), "fast_timer_node INFO...");
[1.281s]       |   [01;31m[K^~~~~~~~~~~[m[K
[1.281s] [01m[K/home/robo/Desktop/Multi-threading/ros2_ws/src/executors_exercises_pkg/src/executor_example_3.cpp:83:3:[m[K [01;31m[Kerror: [m[Kâ€˜[01m[K<declaration error>[m[Kâ€™ is not a template [[01;31m[K]8;;https://gcc.gnu.org/onlinedocs/gcc/Warning-Options.html#index-fpermissive-fpermissive]8;;[m[K]
[1.281s]    83 |   [01;31m[KRCLCPP_INFO[m[K(fast_timer_node->get_logger(), "fast_timer_node INFO...");
[1.281s]       |   [01;31m[K^~~~~~~~~~~[m[K
[1.281s] [01m[K/home/robo/Desktop/Multi-threading/ros2_ws/src/executors_exercises_pkg/src/executor_example_3.cpp:83:3:[m[K [01;31m[Kerror: [m[Ktemplate argument 1 is invalid
[1.281s]    83 |   [01;31m[KRCLCPP_INFO[m[K(fast_timer_node->get_logger(), "fast_timer_node INFO...");
[1.281s]       |   [01;31m[K^~~~~~~~~~~[m[K
[1.556s] gmake[2]: *** [CMakeFiles/executor_example_3_node.dir/build.make:76: CMakeFiles/executor_example_3_node.dir/src/executor_example_3.cpp.o] Error 1
[1.557s] gmake[1]: *** [CMakeFiles/Makefile2:137: CMakeFiles/executor_example_3_node.dir/all] Error 2
[1.557s] gmake: *** [Makefile:146: all] Error 2
[1.561s] Invoked command in '/home/robo/Desktop/Multi-threading/ros2_ws/build/executors_exercises_pkg' returned '2': CMAKE_PREFIX_PATH=${CMAKE_PREFIX_PATH}:/opt/ros/humble /home/robo/.local/bin/cmake --build /home/robo/Desktop/Multi-threading/ros2_ws/build/executors_exercises_pkg -- -j12 -l12
