[0.011s] Invoking command in '/home/robo/Desktop/Multi-threading/ros2_ws/build/executors_exercises_pkg': CMAKE_PREFIX_PATH=${CMAKE_PREFIX_PATH}:/opt/ros/humble /home/robo/.local/bin/cmake --build /home/robo/Desktop/Multi-threading/ros2_ws/build/executors_exercises_pkg -- -j12 -l12
[0.036s] -- Found ament_cmake: 1.3.5 (/opt/ros/humble/share/ament_cmake/cmake)
[0.163s] -- Found rclcpp: 16.0.5 (/opt/ros/humble/share/rclcpp/cmake)
[0.184s] -- Found rosidl_generator_c: 3.1.5 (/opt/ros/humble/share/rosidl_generator_c/cmake)
[0.186s] -- Found rosidl_adapter: 3.1.5 (/opt/ros/humble/share/rosidl_adapter/cmake)
[0.191s] -- Found rosidl_generator_cpp: 3.1.5 (/opt/ros/humble/share/rosidl_generator_cpp/cmake)
[0.199s] -- Using all available rosidl_typesupport_c: rosidl_typesupport_fastrtps_c;rosidl_typesupport_introspection_c
[0.211s] -- Using all available rosidl_typesupport_cpp: rosidl_typesupport_fastrtps_cpp;rosidl_typesupport_introspection_cpp
[0.253s] -- Found rmw_implementation_cmake: 6.1.1 (/opt/ros/humble/share/rmw_implementation_cmake/cmake)
[0.254s] -- Found rmw_fastrtps_cpp: 6.2.3 (/opt/ros/humble/share/rmw_fastrtps_cpp/cmake)
[0.334s] -- Using RMW implementation 'rmw_fastrtps_cpp' as default
[0.443s] -- Found nav_msgs: 4.2.3 (/opt/ros/humble/share/nav_msgs/cmake)
[0.529s] -- Found ament_lint_auto: 0.12.7 (/opt/ros/humble/share/ament_lint_auto/cmake)
[0.571s] -- Added test 'cppcheck' to perform static code analysis on C / C++ code
[0.571s] -- Configured cppcheck include dirs: 
[0.572s] -- Configured cppcheck exclude dirs and/or files: 
[0.572s] -- Added test 'lint_cmake' to check CMake code style
[0.572s] -- Added test 'uncrustify' to check C / C++ code style
[0.573s] -- Configured uncrustify additional arguments: 
[0.573s] -- Added test 'xmllint' to check XML markup files
[0.573s] -- Configuring done (0.5s)
[0.582s] -- Generating done (0.0s)
[0.583s] -- Build files have been written to: /home/robo/Desktop/Multi-threading/ros2_ws/build/executors_exercises_pkg
[0.595s] [ 50%] [32mBuilding CXX object CMakeFiles/executor_example_3_node.dir/src/executor_example_3.cpp.o[0m
[1.900s] [01m[K/home/robo/Desktop/Multi-threading/ros2_ws/src/executors_exercises_pkg/src/executor_example_3.cpp:[m[K In constructor â€˜[01m[KFastTimer::FastTimer(float)[m[Kâ€™:
[1.900s] [01m[K/home/robo/Desktop/Multi-threading/ros2_ws/src/executors_exercises_pkg/src/executor_example_3.cpp:51:24:[m[K [01;31m[Kerror: [m[Kâ€˜[01m[Kclass FastTimer[m[Kâ€™ has no member named â€˜[01m[Kcreate_wall_timerFast[m[Kâ€™; did you mean â€˜[01m[Kcreate_wall_timer[m[Kâ€™?
[1.900s]    51 |     timerFast_ = this->[01;31m[Kcreate_wall_timerFast[m[K(
[1.900s]       |                        [01;31m[K^~~~~~~~~~~~~~~~~~~~~[m[K
[1.900s]       |                        [32m[Kcreate_wall_timer[m[K
[2.170s] gmake[2]: *** [CMakeFiles/executor_example_3_node.dir/build.make:76: CMakeFiles/executor_example_3_node.dir/src/executor_example_3.cpp.o] Error 1
[2.170s] gmake[1]: *** [CMakeFiles/Makefile2:137: CMakeFiles/executor_example_3_node.dir/all] Error 2
[2.170s] gmake: *** [Makefile:146: all] Error 2
[2.175s] Invoked command in '/home/robo/Desktop/Multi-threading/ros2_ws/build/executors_exercises_pkg' returned '2': CMAKE_PREFIX_PATH=${CMAKE_PREFIX_PATH}:/opt/ros/humble /home/robo/.local/bin/cmake --build /home/robo/Desktop/Multi-threading/ros2_ws/build/executors_exercises_pkg -- -j12 -l12
