[0.011s] Invoking command in '/home/robo/Desktop/Multi-threading/ros2_ws/build/executors_exercises_pkg': CMAKE_PREFIX_PATH=${CMAKE_PREFIX_PATH}:/opt/ros/humble /home/robo/.local/bin/cmake --build /home/robo/Desktop/Multi-threading/ros2_ws/build/executors_exercises_pkg -- -j12 -l12
[0.047s] [ 50%] [32mBuilding CXX object CMakeFiles/executor_example_3_node.dir/src/executor_example_3.cpp.o[0m
[1.286s] [01m[K/home/robo/Desktop/Multi-threading/ros2_ws/src/executors_exercises_pkg/src/executor_example_3.cpp:[m[K In function â€˜[01m[Kint main(int, char**)[m[Kâ€™:
[1.286s] [01m[K/home/robo/Desktop/Multi-threading/ros2_ws/src/executors_exercises_pkg/src/executor_example_3.cpp:85:22:[m[K [01;31m[Kerror: [m[Kâ€˜[01m[KSingleadedExecutor[m[Kâ€™ is not a member of â€˜[01m[Krclcpp::executors[m[Kâ€™; did you mean â€˜[01m[KSingleThreadedExecutor[m[Kâ€™?
[1.286s]    85 |   rclcpp::executors::[01;31m[KSingleadedExecutor[m[K executor;
[1.286s]       |                      [01;31m[K^~~~~~~~~~~~~~~~~~[m[K
[1.286s]       |                      [32m[KSingleThreadedExecutor[m[K
[1.288s] [01m[K/home/robo/Desktop/Multi-threading/ros2_ws/src/executors_exercises_pkg/src/executor_example_3.cpp:88:3:[m[K [01;31m[Kerror: [m[Kâ€˜[01m[Kexecutor[m[Kâ€™ was not declared in this scope
[1.288s]    88 |   [01;31m[Kexecutor[m[K.add_node(fast_timer_node);
[1.288s]       |   [01;31m[K^~~~~~~~[m[K
[1.563s] gmake[2]: *** [CMakeFiles/executor_example_3_node.dir/build.make:76: CMakeFiles/executor_example_3_node.dir/src/executor_example_3.cpp.o] Error 1
[1.563s] gmake[1]: *** [CMakeFiles/Makefile2:137: CMakeFiles/executor_example_3_node.dir/all] Error 2
[1.563s] gmake: *** [Makefile:146: all] Error 2
[1.567s] Invoked command in '/home/robo/Desktop/Multi-threading/ros2_ws/build/executors_exercises_pkg' returned '2': CMAKE_PREFIX_PATH=${CMAKE_PREFIX_PATH}:/opt/ros/humble /home/robo/.local/bin/cmake --build /home/robo/Desktop/Multi-threading/ros2_ws/build/executors_exercises_pkg -- -j12 -l12
