[0.000000] (-) TimerEvent: {}
[0.000176] (executors_exercises_pkg) JobQueued: {'identifier': 'executors_exercises_pkg', 'dependencies': OrderedDict()}
[0.000326] (executors_exercises_pkg) JobStarted: {'identifier': 'executors_exercises_pkg'}
[0.009735] (executors_exercises_pkg) JobProgress: {'identifier': 'executors_exercises_pkg', 'progress': 'cmake'}
[0.010150] (executors_exercises_pkg) JobProgress: {'identifier': 'executors_exercises_pkg', 'progress': 'build'}
[0.010238] (executors_exercises_pkg) Command: {'cmd': ['/home/robo/.local/bin/cmake', '--build', '/home/robo/Desktop/Multi-threading/ros2_ws/build/executors_exercises_pkg', '--', '-j12', '-l12'], 'cwd': '/home/robo/Desktop/Multi-threading/ros2_ws/build/executors_exercises_pkg', 'env': OrderedDict([('LESSOPEN', '| /usr/bin/lesspipe %s'), ('USER', 'robo'), ('LC_TIME', 'pt_BR.UTF-8'), ('XDG_SESSION_TYPE', 'wayland'), ('SHLVL', '1'), ('LD_LIBRARY_PATH', '/home/robo/ros2_dy_ws/install/dynamixel_sdk_custom_interfaces/lib:/home/robo/ros2_dy_ws/install/dynamixel_sdk/lib:/home/robo/lixo/install/dynamixel_sdk_custom_interfaces/lib:/home/robo/lixo/install/dynamixel_sdk/lib:/home/robo/ros2_ws/install/turtlesim/lib:/opt/ros/humble/opt/rviz_ogre_vendor/lib:/opt/ros/humble/lib/x86_64-linux-gnu:/opt/ros/humble/lib'), ('HOME', '/home/robo'), ('OLDPWD', '/home/robo/Desktop/Multi-threading'), ('DESKTOP_SESSION', 'ubuntu'), ('ROS_PYTHON_VERSION', '3'), ('GNOME_SHELL_SESSION_MODE', 'ubuntu'), ('GTK_MODULES', 'gail:atk-bridge'), ('LC_MONETARY', 'pt_BR.UTF-8'), ('LC_CTYPE', 'pt_BR.UTF-8'), ('DBUS_STARTER_BUS_TYPE', 'session'), ('SYSTEMD_EXEC_PID', '1763'), ('DBUS_SESSION_BUS_ADDRESS', 'unix:path=/run/user/1000/bus,guid=cc1712db9854d198fdbc67a364df6678'), ('COLORTERM', 'truecolor'), ('IM_CONFIG_PHASE', '1'), ('WAYLAND_DISPLAY', 'wayland-0'), ('COLCON_PREFIX_PATH', '/home/robo/Desktop/Multi-threading/ros2_ws/install:/home/robo/ros2_dy_ws/install:/home/robo/ros2_dy_ws/src/DynamixelSDK/dynamixel_sdk_examples/install:/home/robo/positionmotor_massi_pkg/install:/home/robo/lixo/install:/home/robo/ros2_ws/install:/home/robo/ROBOTIS/install'), ('ROS_DISTRO', 'humble'), ('LOGNAME', 'robo'), ('_', '/usr/bin/colcon'), ('ROS_VERSION', '2'), ('XDG_SESSION_CLASS', 'user'), ('USERNAME', 'robo'), ('TERM', 'xterm-256color'), ('GNOME_DESKTOP_SESSION_ID', 'this-is-deprecated'), ('ROS_LOCALHOST_ONLY', '0'), ('PATH', '/opt/ros/humble/bin:/home/robo/.local/bin:/usr/local/sbin:/usr/local/bin:/usr/sbin:/usr/bin:/sbin:/bin:/usr/games:/usr/local/games:/snap/bin:/snap/bin'), ('SESSION_MANAGER', 'local/robo-IdeaPad-Flex-5-14IAU7:@/tmp/.ICE-unix/1763,unix/robo-IdeaPad-Flex-5-14IAU7:/tmp/.ICE-unix/1763'), ('XDG_MENU_PREFIX', 'gnome-'), ('LC_ADDRESS', 'pt_BR.UTF-8'), ('GNOME_TERMINAL_SCREEN', '/org/gnome/Terminal/screen/10b0474d_3c79_442c_baa7_c031d0e6a3c8'), ('GNOME_SETUP_DISPLAY', ':1'), ('XDG_RUNTIME_DIR', '/run/user/1000'), ('DISPLAY', ':0'), ('LANG', 'en_US.UTF-8'), ('XDG_CURRENT_DESKTOP', 'ubuntu:GNOME'), ('LC_TELEPHONE', 'pt_BR.UTF-8'), ('XMODIFIERS', '@im=ibus'), ('XDG_SESSION_DESKTOP', 'ubuntu'), ('XAUTHORITY', '/run/user/1000/.mutter-Xwaylandauth.X7BE91'), ('LS_COLORS', 'rs=0:di=01;34:ln=01;36:mh=00:pi=40;33:so=01;35:do=01;35:bd=40;33;01:cd=40;33;01:or=40;31;01:mi=00:su=37;41:sg=30;43:ca=30;41:tw=30;42:ow=34;42:st=37;44:ex=01;32:*.tar=01;31:*.tgz=01;31:*.arc=01;31:*.arj=01;31:*.taz=01;31:*.lha=01;31:*.lz4=01;31:*.lzh=01;31:*.lzma=01;31:*.tlz=01;31:*.txz=01;31:*.tzo=01;31:*.t7z=01;31:*.zip=01;31:*.z=01;31:*.dz=01;31:*.gz=01;31:*.lrz=01;31:*.lz=01;31:*.lzo=01;31:*.xz=01;31:*.zst=01;31:*.tzst=01;31:*.bz2=01;31:*.bz=01;31:*.tbz=01;31:*.tbz2=01;31:*.tz=01;31:*.deb=01;31:*.rpm=01;31:*.jar=01;31:*.war=01;31:*.ear=01;31:*.sar=01;31:*.rar=01;31:*.alz=01;31:*.ace=01;31:*.zoo=01;31:*.cpio=01;31:*.7z=01;31:*.rz=01;31:*.cab=01;31:*.wim=01;31:*.swm=01;31:*.dwm=01;31:*.esd=01;31:*.jpg=01;35:*.jpeg=01;35:*.mjpg=01;35:*.mjpeg=01;35:*.gif=01;35:*.bmp=01;35:*.pbm=01;35:*.pgm=01;35:*.ppm=01;35:*.tga=01;35:*.xbm=01;35:*.xpm=01;35:*.tif=01;35:*.tiff=01;35:*.png=01;35:*.svg=01;35:*.svgz=01;35:*.mng=01;35:*.pcx=01;35:*.mov=01;35:*.mpg=01;35:*.mpeg=01;35:*.m2v=01;35:*.mkv=01;35:*.webm=01;35:*.webp=01;35:*.ogm=01;35:*.mp4=01;35:*.m4v=01;35:*.mp4v=01;35:*.vob=01;35:*.qt=01;35:*.nuv=01;35:*.wmv=01;35:*.asf=01;35:*.rm=01;35:*.rmvb=01;35:*.flc=01;35:*.avi=01;35:*.fli=01;35:*.flv=01;35:*.gl=01;35:*.dl=01;35:*.xcf=01;35:*.xwd=01;35:*.yuv=01;35:*.cgm=01;35:*.emf=01;35:*.ogv=01;35:*.ogx=01;35:*.aac=00;36:*.au=00;36:*.flac=00;36:*.m4a=00;36:*.mid=00;36:*.midi=00;36:*.mka=00;36:*.mp3=00;36:*.mpc=00;36:*.ogg=00;36:*.ra=00;36:*.wav=00;36:*.oga=00;36:*.opus=00;36:*.spx=00;36:*.xspf=00;36:'), ('GNOME_TERMINAL_SERVICE', ':1.604'), ('SSH_AGENT_LAUNCHER', 'gnome-keyring'), ('SSH_AUTH_SOCK', '/run/user/1000/keyring/ssh'), ('AMENT_PREFIX_PATH', '/home/robo/Desktop/Multi-threading/ros2_ws/install/executors_exercises_pkg:/home/robo/ros2_dy_ws/install/dynamixel_sdk_examples:/home/robo/ros2_dy_ws/install/dynamixel_sdk_custom_interfaces:/home/robo/ros2_dy_ws/install/dynamixel_sdk:/home/robo/ros2_dy_ws/install/cpp_pubsub:/home/robo/ros2_dy_ws/src/DynamixelSDK/dynamixel_sdk_examples/install/dynamixel_sdk_examples:/home/robo/positionmotor_massi_pkg/install/positionmotor_massi_pkg:/home/robo/lixo/install/dynamixel_sdk_examples:/home/robo/lixo/install/dynamixel_sdk_custom_interfaces:/home/robo/lixo/install/dynamixel_sdk:/home/robo/ros2_ws/install/turtlesim:/home/robo/ros2_ws/install/positionmotor_massi_pkg:/opt/ros/humble'), ('SHELL', '/bin/bash'), ('LC_NAME', 'pt_BR.UTF-8'), ('QT_ACCESSIBILITY', '1'), ('GDMSESSION', 'ubuntu'), ('LESSCLOSE', '/usr/bin/lesspipe %s %s'), ('LC_MEASUREMENT', 'pt_BR.UTF-8'), ('LC_IDENTIFICATION', 'pt_BR.UTF-8'), ('QT_IM_MODULE', 'ibus'), ('PWD', '/home/robo/Desktop/Multi-threading/ros2_ws/build/executors_exercises_pkg'), ('XDG_CONFIG_DIRS', '/etc/xdg/xdg-ubuntu:/etc/xdg'), ('DBUS_STARTER_ADDRESS', 'unix:path=/run/user/1000/bus,guid=cc1712db9854d198fdbc67a364df6678'), ('XDG_DATA_DIRS', '/usr/share/ubuntu:/usr/local/share/:/usr/share/:/var/lib/snapd/desktop'), ('PYTHONPATH', '/home/robo/ros2_dy_ws/install/dynamixel_sdk_custom_interfaces/local/lib/python3.10/dist-packages:/home/robo/lixo/install/dynamixel_sdk_custom_interfaces/local/lib/python3.10/dist-packages:/home/robo/ros2_ws/install/turtlesim/local/lib/python3.10/dist-packages:/opt/ros/humble/lib/python3.10/site-packages:/opt/ros/humble/local/lib/python3.10/dist-packages'), ('LC_NUMERIC', 'pt_BR.UTF-8'), ('LC_PAPER', 'pt_BR.UTF-8'), ('COLCON', '1'), ('VTE_VERSION', '6800'), ('CMAKE_PREFIX_PATH', '/home/robo/Desktop/Multi-threading/ros2_ws/install/executors_exercises_pkg:/home/robo/ros2_dy_ws/install/dynamixel_sdk_examples:/home/robo/ros2_dy_ws/install/dynamixel_sdk_custom_interfaces:/home/robo/ros2_dy_ws/install/dynamixel_sdk:/home/robo/ros2_dy_ws/install/cpp_pubsub:/home/robo/ros2_dy_ws/src/DynamixelSDK/dynamixel_sdk_examples/install/dynamixel_sdk_examples:/home/robo/positionmotor_massi_pkg/install/positionmotor_massi_pkg:/home/robo/lixo/install/dynamixel_sdk_examples:/home/robo/lixo/install/dynamixel_sdk_custom_interfaces:/home/robo/lixo/install/dynamixel_sdk:/home/robo/ros2_ws/install/turtlesim:/home/robo/ros2_ws/install/positionmotor_massi_pkg:/opt/ros/humble')]), 'shell': False}
[0.035788] (executors_exercises_pkg) StdoutLine: {'line': b'-- Found ament_cmake: 1.3.5 (/opt/ros/humble/share/ament_cmake/cmake)\n'}
[0.099981] (-) TimerEvent: {}
[0.163226] (executors_exercises_pkg) StdoutLine: {'line': b'-- Found rclcpp: 16.0.5 (/opt/ros/humble/share/rclcpp/cmake)\n'}
[0.184704] (executors_exercises_pkg) StdoutLine: {'line': b'-- Found rosidl_generator_c: 3.1.5 (/opt/ros/humble/share/rosidl_generator_c/cmake)\n'}
[0.186593] (executors_exercises_pkg) StdoutLine: {'line': b'-- Found rosidl_adapter: 3.1.5 (/opt/ros/humble/share/rosidl_adapter/cmake)\n'}
[0.191306] (executors_exercises_pkg) StdoutLine: {'line': b'-- Found rosidl_generator_cpp: 3.1.5 (/opt/ros/humble/share/rosidl_generator_cpp/cmake)\n'}
[0.199765] (executors_exercises_pkg) StdoutLine: {'line': b'-- Using all available rosidl_typesupport_c: rosidl_typesupport_fastrtps_c;rosidl_typesupport_introspection_c\n'}
[0.200038] (-) TimerEvent: {}
[0.211485] (executors_exercises_pkg) StdoutLine: {'line': b'-- Using all available rosidl_typesupport_cpp: rosidl_typesupport_fastrtps_cpp;rosidl_typesupport_introspection_cpp\n'}
[0.252955] (executors_exercises_pkg) StdoutLine: {'line': b'-- Found rmw_implementation_cmake: 6.1.1 (/opt/ros/humble/share/rmw_implementation_cmake/cmake)\n'}
[0.254153] (executors_exercises_pkg) StdoutLine: {'line': b'-- Found rmw_fastrtps_cpp: 6.2.3 (/opt/ros/humble/share/rmw_fastrtps_cpp/cmake)\n'}
[0.300259] (-) TimerEvent: {}
[0.333909] (executors_exercises_pkg) StdoutLine: {'line': b"-- Using RMW implementation 'rmw_fastrtps_cpp' as default\n"}
[0.400478] (-) TimerEvent: {}
[0.443130] (executors_exercises_pkg) StdoutLine: {'line': b'-- Found nav_msgs: 4.2.3 (/opt/ros/humble/share/nav_msgs/cmake)\n'}
[0.500615] (-) TimerEvent: {}
[0.529017] (executors_exercises_pkg) StdoutLine: {'line': b'-- Found ament_lint_auto: 0.12.7 (/opt/ros/humble/share/ament_lint_auto/cmake)\n'}
[0.571590] (executors_exercises_pkg) StdoutLine: {'line': b"-- Added test 'cppcheck' to perform static code analysis on C / C++ code\n"}
[0.571779] (executors_exercises_pkg) StdoutLine: {'line': b'-- Configured cppcheck include dirs: \n'}
[0.571861] (executors_exercises_pkg) StdoutLine: {'line': b'-- Configured cppcheck exclude dirs and/or files: \n'}
[0.572468] (executors_exercises_pkg) StdoutLine: {'line': b"-- Added test 'lint_cmake' to check CMake code style\n"}
[0.572774] (executors_exercises_pkg) StdoutLine: {'line': b"-- Added test 'uncrustify' to check C / C++ code style\n"}
[0.572887] (executors_exercises_pkg) StdoutLine: {'line': b'-- Configured uncrustify additional arguments: \n'}
[0.573349] (executors_exercises_pkg) StdoutLine: {'line': b"-- Added test 'xmllint' to check XML markup files\n"}
[0.573716] (executors_exercises_pkg) StdoutLine: {'line': b'-- Configuring done (0.5s)\n'}
[0.582233] (executors_exercises_pkg) StdoutLine: {'line': b'-- Generating done (0.0s)\n'}
[0.583134] (executors_exercises_pkg) StdoutLine: {'line': b'-- Build files have been written to: /home/robo/Desktop/Multi-threading/ros2_ws/build/executors_exercises_pkg\n'}
[0.595089] (executors_exercises_pkg) StdoutLine: {'line': b'[ 50%] \x1b[32mBuilding CXX object CMakeFiles/executor_example_3_node.dir/src/executor_example_3.cpp.o\x1b[0m\n'}
[0.600696] (-) TimerEvent: {}
[0.700972] (-) TimerEvent: {}
[0.801341] (-) TimerEvent: {}
[0.901716] (-) TimerEvent: {}
[1.002095] (-) TimerEvent: {}
[1.102473] (-) TimerEvent: {}
[1.202854] (-) TimerEvent: {}
[1.303237] (-) TimerEvent: {}
[1.403632] (-) TimerEvent: {}
[1.504027] (-) TimerEvent: {}
[1.604434] (-) TimerEvent: {}
[1.704828] (-) TimerEvent: {}
[1.805221] (-) TimerEvent: {}
[1.899926] (executors_exercises_pkg) StderrLine: {'line': b'\x1b[01m\x1b[K/home/robo/Desktop/Multi-threading/ros2_ws/src/executors_exercises_pkg/src/executor_example_3.cpp:\x1b[m\x1b[K In constructor \xe2\x80\x98\x1b[01m\x1b[KFastTimer::FastTimer(float)\x1b[m\x1b[K\xe2\x80\x99:\n'}
[1.900128] (executors_exercises_pkg) StderrLine: {'line': b'\x1b[01m\x1b[K/home/robo/Desktop/Multi-threading/ros2_ws/src/executors_exercises_pkg/src/executor_example_3.cpp:51:24:\x1b[m\x1b[K \x1b[01;31m\x1b[Kerror: \x1b[m\x1b[K\xe2\x80\x98\x1b[01m\x1b[Kclass FastTimer\x1b[m\x1b[K\xe2\x80\x99 has no member named \xe2\x80\x98\x1b[01m\x1b[Kcreate_wall_timerFast\x1b[m\x1b[K\xe2\x80\x99; did you mean \xe2\x80\x98\x1b[01m\x1b[Kcreate_wall_timer\x1b[m\x1b[K\xe2\x80\x99?\n'}
[1.900214] (executors_exercises_pkg) StderrLine: {'line': b'   51 |     timerFast_ = this->\x1b[01;31m\x1b[Kcreate_wall_timerFast\x1b[m\x1b[K(\n'}
[1.900288] (executors_exercises_pkg) StderrLine: {'line': b'      |                        \x1b[01;31m\x1b[K^~~~~~~~~~~~~~~~~~~~~\x1b[m\x1b[K\n'}
[1.900358] (executors_exercises_pkg) StderrLine: {'line': b'      |                        \x1b[32m\x1b[Kcreate_wall_timer\x1b[m\x1b[K\n'}
[1.905425] (-) TimerEvent: {}
[2.005801] (-) TimerEvent: {}
[2.106184] (-) TimerEvent: {}
[2.170024] (executors_exercises_pkg) StderrLine: {'line': b'gmake[2]: *** [CMakeFiles/executor_example_3_node.dir/build.make:76: CMakeFiles/executor_example_3_node.dir/src/executor_example_3.cpp.o] Error 1\n'}
[2.170344] (executors_exercises_pkg) StderrLine: {'line': b'gmake[1]: *** [CMakeFiles/Makefile2:137: CMakeFiles/executor_example_3_node.dir/all] Error 2\n'}
[2.170554] (executors_exercises_pkg) StderrLine: {'line': b'gmake: *** [Makefile:146: all] Error 2\n'}
[2.174898] (executors_exercises_pkg) CommandEnded: {'returncode': 2}
[2.206304] (-) TimerEvent: {}
[2.211202] (executors_exercises_pkg) JobEnded: {'identifier': 'executors_exercises_pkg', 'rc': 2}
[2.221609] (-) EventReactorShutdown: {}
